17:58:40.828  INFO  manager.ApplicationManager - All test start in Chrome Browser
17:58:43.268  INFO  manager.ApplicationManager - Current URL -->https://ilcarro.web.app/search
17:58:43.309  INFO  tests.TestBase - The name of starts method is -->  registrationWrongWithoutName
17:58:43.313  INFO  manager.ListenerWD - Before find elements-->By.xpath: //a[text()=' Logout ']
17:58:48.344  INFO  manager.ListenerWD - After find elements-->By.xpath: //a[text()=' Logout ']
17:58:48.348  INFO  manager.ListenerWD - List size-->0
17:58:48.355  INFO  tests.TestBase -  Test 4: Registration wrong Without Name: tap@mail.comadomA12345$
17:58:48.356  INFO  manager.ListenerWD - Before find element-->By.xpath: //a[text()=' Sign up ']
17:58:48.393  INFO  manager.ListenerWD - After find element-->By.xpath: //a[text()=' Sign up ']
17:58:48.532  INFO  manager.ListenerWD - Before find element-->By.cssSelector: #name
17:58:48.586  INFO  manager.ListenerWD - After find element-->By.cssSelector: #name
17:58:48.687  INFO  manager.ListenerWD - Before find element-->By.id: lastName
17:58:48.731  INFO  manager.ListenerWD - After find element-->By.id: lastName
17:58:48.906  INFO  manager.ListenerWD - Before find element-->By.id: email
17:58:48.953  INFO  manager.ListenerWD - After find element-->By.id: email
17:58:49.153  INFO  manager.ListenerWD - Before find element-->By.id: password
17:58:49.184  INFO  manager.ListenerWD - After find element-->By.id: password
17:58:49.384  INFO  manager.ListenerWD - Before find element-->By.xpath: //label[@class='checkbox-label terms-label']
17:58:49.421  INFO  manager.ListenerWD - After find element-->By.xpath: //label[@class='checkbox-label terms-label']
17:58:49.606  INFO  manager.ListenerWD - Before find element-->By.cssSelector: button[disabled]
17:58:49.641  INFO  manager.ListenerWD - After find element-->By.cssSelector: button[disabled]
17:58:49.665  INFO  tests.TestBase - Message is: 'Name is required'
