17:58:19.309  INFO  manager.ApplicationManager - All test start in Chrome Browser
17:58:21.553  INFO  manager.ApplicationManager - Current URL -->https://ilcarro.web.app/search
17:58:21.590  INFO  tests.TestBase - The name of starts method is -->  registrationWrongWithoutName
17:58:21.593  INFO  manager.ListenerWD - Before find elements-->By.xpath: //a[text()=' Logout ']
17:58:26.614  INFO  manager.ListenerWD - After find elements-->By.xpath: //a[text()=' Logout ']
17:58:26.618  INFO  manager.ListenerWD - List size-->0
17:58:26.625  INFO  tests.TestBase -  Test 4: Registration wrong Without Name: tap@mail.comadomA12345$
17:58:26.627  INFO  manager.ListenerWD - Before find element-->By.xpath: //a[text()=' Sign up ']
17:58:26.664  INFO  manager.ListenerWD - After find element-->By.xpath: //a[text()=' Sign up ']
17:58:26.856  INFO  manager.ListenerWD - Before find element-->By.cssSelector: #name
17:58:26.912  INFO  manager.ListenerWD - After find element-->By.cssSelector: #name
17:58:27.018  INFO  manager.ListenerWD - Before find element-->By.id: lastName
17:58:27.061  INFO  manager.ListenerWD - After find element-->By.id: lastName
17:58:27.225  INFO  manager.ListenerWD - Before find element-->By.id: email
17:58:27.260  INFO  manager.ListenerWD - After find element-->By.id: email
17:58:27.449  INFO  manager.ListenerWD - Before find element-->By.id: password
17:58:27.479  INFO  manager.ListenerWD - After find element-->By.id: password
17:58:27.677  INFO  manager.ListenerWD - Before find element-->By.xpath: //label[@class='checkbox-label terms-label']
17:58:27.745  INFO  manager.ListenerWD - After find element-->By.xpath: //label[@class='checkbox-label terms-label']
17:58:27.915  INFO  manager.ListenerWD - Before find element-->By.cssSelector: button[disabled]
17:58:27.950  INFO  manager.ListenerWD - After find element-->By.cssSelector: button[disabled]
17:58:27.977  INFO  tests.TestBase - Message is: 'Name is required'
