15:08:06.594  INFO  manager.ApplicationManager - All test start in Chrome Browser
15:08:09.276  INFO  manager.ApplicationManager - Current URL -->https://ilcarro.web.app/search
15:08:09.316  INFO  tests.TestBase - The name of starts method is -->  loginSuccess
15:08:09.319  INFO  manager.ListenerWD - Before find elements-->By.xpath: //a[text()=' Logout ']
15:08:14.394  INFO  manager.ListenerWD - After find elements-->By.xpath: //a[text()=' Logout ']
15:08:14.397  INFO  manager.ListenerWD - List size-->0
15:08:14.408  INFO  tests.TestBase - Test 2: Login with valid data: benb@gmail.com password: Beny$123456
15:08:14.411  INFO  manager.ListenerWD - Before find element-->By.xpath: //a[text()=' Log in ']
15:08:14.473  INFO  manager.ListenerWD - After find element-->By.xpath: //a[text()=' Log in ']
15:08:14.650  INFO  manager.ListenerWD - Before find element-->By.id: email
15:08:14.689  INFO  manager.ListenerWD - After find element-->By.id: email
15:08:14.926  INFO  manager.ListenerWD - Before find element-->By.id: password
15:08:14.964  INFO  manager.ListenerWD - After find element-->By.id: password
15:08:15.131  INFO  manager.ListenerWD - Before find element-->By.xpath: //button[contains(@type,'submit')]
15:08:15.172  INFO  manager.ListenerWD - After find element-->By.xpath: //button[contains(@type,'submit')]
15:08:16.232  INFO  manager.ListenerWD - Before find element-->By.cssSelector: div.dialog-container>h2
15:08:16.364  INFO  manager.ListenerWD - After find element-->By.cssSelector: div.dialog-container>h2
15:08:16.391  INFO  tests.TestBase - Test success
15:08:16.394  INFO  manager.ListenerWD - Before find elements-->By.xpath: //button[text()='Ok']
15:08:16.452  INFO  manager.ListenerWD - After find elements-->By.xpath: //button[text()='Ok']
15:08:16.454  INFO  manager.ListenerWD - List size-->1
15:08:16.454  INFO  manager.ListenerWD - Before find element-->By.xpath: //button[text()='Ok']
15:08:16.509  INFO  manager.ListenerWD - After find element-->By.xpath: //button[text()='Ok']
15:08:16.570  INFO  tests.TestBase - The name of starts method is -->  loginSuccess
15:08:16.572  INFO  manager.ListenerWD - Before find elements-->By.xpath: //a[text()=' Logout ']
15:08:16.598  INFO  manager.ListenerWD - After find elements-->By.xpath: //a[text()=' Logout ']
15:08:16.598  INFO  manager.ListenerWD - List size-->1
15:08:16.598  INFO  manager.ListenerWD - Before find element-->By.xpath: //a[text()=' Logout ']
15:08:16.647  INFO  manager.ListenerWD - After find element-->By.xpath: //a[text()=' Logout ']
15:08:16.767  INFO  tests.TestBase - I need logout
15:08:16.770  INFO  tests.TestBase - Test 2: Login with valid data: ili@gmail.com password: IliB$123456
15:08:16.772  INFO  manager.ListenerWD - Before find element-->By.xpath: //a[text()=' Log in ']
15:08:16.800  INFO  manager.ListenerWD - After find element-->By.xpath: //a[text()=' Log in ']
15:08:16.879  INFO  manager.ListenerWD - Before find element-->By.id: email
15:08:16.901  INFO  manager.ListenerWD - After find element-->By.id: email
15:08:17.089  INFO  manager.ListenerWD - Before find element-->By.id: password
15:08:17.115  INFO  manager.ListenerWD - After find element-->By.id: password
15:08:17.315  INFO  manager.ListenerWD - Before find element-->By.xpath: //button[contains(@type,'submit')]
15:08:17.363  INFO  manager.ListenerWD - After find element-->By.xpath: //button[contains(@type,'submit')]
15:08:18.438  INFO  manager.ListenerWD - Before find element-->By.cssSelector: div.dialog-container>h2
15:08:18.457  INFO  manager.ListenerWD - After find element-->By.cssSelector: div.dialog-container>h2
15:08:18.478  INFO  tests.TestBase - Test success
15:08:18.480  INFO  manager.ListenerWD - Before find elements-->By.xpath: //button[text()='Ok']
15:08:18.497  INFO  manager.ListenerWD - After find elements-->By.xpath: //button[text()='Ok']
15:08:18.498  INFO  manager.ListenerWD - List size-->1
15:08:18.498  INFO  manager.ListenerWD - Before find element-->By.xpath: //button[text()='Ok']
15:08:18.517  INFO  manager.ListenerWD - After find element-->By.xpath: //button[text()='Ok']
15:08:18.563  INFO  tests.TestBase - The name of starts method is -->  loginSuccess
15:08:18.563  INFO  manager.ListenerWD - Before find elements-->By.xpath: //a[text()=' Logout ']
15:08:18.582  INFO  manager.ListenerWD - After find elements-->By.xpath: //a[text()=' Logout ']
15:08:18.582  INFO  manager.ListenerWD - List size-->1
15:08:18.582  INFO  manager.ListenerWD - Before find element-->By.xpath: //a[text()=' Logout ']
15:08:18.607  INFO  manager.ListenerWD - After find element-->By.xpath: //a[text()=' Logout ']
15:08:18.712  INFO  tests.TestBase - I need logout
15:08:18.714  INFO  tests.TestBase - Test 2: Login with valid data: benb@gmail.com password: Beny$123456
15:08:18.714  INFO  manager.ListenerWD - Before find element-->By.xpath: //a[text()=' Log in ']
15:08:18.737  INFO  manager.ListenerWD - After find element-->By.xpath: //a[text()=' Log in ']
15:08:18.842  INFO  manager.ListenerWD - Before find element-->By.id: email
15:08:18.872  INFO  manager.ListenerWD - After find element-->By.id: email
15:08:19.089  INFO  manager.ListenerWD - Before find element-->By.id: password
15:08:19.111  INFO  manager.ListenerWD - After find element-->By.id: password
15:08:19.278  INFO  manager.ListenerWD - Before find element-->By.xpath: //button[contains(@type,'submit')]
15:08:19.298  INFO  manager.ListenerWD - After find element-->By.xpath: //button[contains(@type,'submit')]
15:08:20.364  INFO  manager.ListenerWD - Before find element-->By.cssSelector: div.dialog-container>h2
15:08:20.412  INFO  manager.ListenerWD - After find element-->By.cssSelector: div.dialog-container>h2
15:08:20.432  INFO  tests.TestBase - Test success
15:08:20.433  INFO  manager.ListenerWD - Before find elements-->By.xpath: //button[text()='Ok']
15:08:20.448  INFO  manager.ListenerWD - After find elements-->By.xpath: //button[text()='Ok']
15:08:20.448  INFO  manager.ListenerWD - List size-->1
15:08:20.448  INFO  manager.ListenerWD - Before find element-->By.xpath: //button[text()='Ok']
15:08:20.463  INFO  manager.ListenerWD - After find element-->By.xpath: //button[text()='Ok']
