22:33:25.654  INFO  manager.ApplicationManager - All test start in Chrome Browser
22:33:29.415  INFO  manager.ApplicationManager - Current URL -->https://ilcarro.web.app/search
22:33:29.455  INFO  tests.TestBase - The name of starts method is -->  addNewCarSuccsses
22:33:29.458  INFO  manager.ListenerWD - Before find elements-->By.xpath: //a[text()=' Logout ']
22:33:34.526  INFO  manager.ListenerWD - After find elements-->By.xpath: //a[text()=' Logout ']
22:33:34.529  INFO  manager.ListenerWD - List size-->0
22:33:34.531  INFO  manager.ListenerWD - Before find element-->By.xpath: //a[text()=' Log in ']
22:33:34.569  INFO  manager.ListenerWD - After find element-->By.xpath: //a[text()=' Log in ']
22:33:34.691  INFO  manager.ListenerWD - Before find element-->By.xpath: //input[@type='email']
22:33:34.728  INFO  manager.ListenerWD - After find element-->By.xpath: //input[@type='email']
22:33:34.947  INFO  manager.ListenerWD - Before find element-->By.id: password
22:33:34.983  INFO  manager.ListenerWD - After find element-->By.id: password
22:33:35.152  INFO  manager.ListenerWD - Before find element-->By.xpath: //button[contains(@type,'submit')]
22:33:35.188  INFO  manager.ListenerWD - After find element-->By.xpath: //button[contains(@type,'submit')]
22:33:35.250  INFO  manager.ListenerWD - Before find elements-->By.xpath: //button[text()='Ok']
22:33:36.451  INFO  manager.ListenerWD - After find elements-->By.xpath: //button[text()='Ok']
22:33:36.451  INFO  manager.ListenerWD - List size-->1
22:33:36.451  INFO  manager.ListenerWD - Before find element-->By.xpath: //button[text()='Ok']
22:33:36.488  INFO  manager.ListenerWD - After find element-->By.xpath: //button[text()='Ok']
22:33:36.579  INFO  tests.TestBase - I need logout
22:33:36.587  INFO  tests.TestBase - Test 1: Add New Car Success
22:33:37.097  INFO  manager.ListenerWD - Before find element-->By.xpath: //a[text()=' Let the car work ']
22:33:37.122  INFO  manager.ListenerWD - After find element-->By.xpath: //a[text()=' Let the car work ']
22:33:37.222  INFO  manager.ListenerWD - Before find element-->By.id: pickUpPlace
22:33:37.250  INFO  manager.ListenerWD - After find element-->By.id: pickUpPlace
22:33:37.453  INFO  manager.ListenerWD - Before find element-->By.cssSelector: .pac-item
22:33:37.882  INFO  manager.ListenerWD - After find element-->By.cssSelector: .pac-item
22:33:38.481  INFO  manager.ListenerWD - Before find element-->By.id: make
22:33:38.506  INFO  manager.ListenerWD - After find element-->By.id: make
22:33:38.628  INFO  manager.ListenerWD - Before find element-->By.id: model
22:33:38.654  INFO  manager.ListenerWD - After find element-->By.id: model
22:33:38.793  INFO  manager.ListenerWD - Before find element-->By.id: year
22:33:38.820  INFO  manager.ListenerWD - After find element-->By.id: year
22:33:38.972  INFO  manager.ListenerWD - Before find element-->By.id: fuel
22:33:38.998  INFO  manager.ListenerWD - After find element-->By.id: fuel
22:33:39.115  INFO  manager.ListenerWD - Before find element-->By.id: seats
22:33:39.144  INFO  manager.ListenerWD - After find element-->By.id: seats
22:33:39.275  INFO  manager.ListenerWD - Before find element-->By.id: class
22:33:39.306  INFO  manager.ListenerWD - After find element-->By.id: class
22:33:39.437  INFO  manager.ListenerWD - Before find element-->By.id: serialNumber
22:33:39.464  INFO  manager.ListenerWD - After find element-->By.id: serialNumber
22:33:39.634  INFO  manager.ListenerWD - Before find element-->By.id: price
22:33:39.656  INFO  manager.ListenerWD - After find element-->By.id: price
22:33:39.829  INFO  manager.ListenerWD - Before find element-->By.id: about
22:33:39.853  INFO  manager.ListenerWD - After find element-->By.id: about
22:33:40.015  INFO  manager.ListenerWD - Before find element-->By.id: photos
22:33:40.044  INFO  manager.ListenerWD - After find element-->By.id: photos
22:33:40.109  INFO  manager.ListenerWD - Before find element-->By.xpath: //button[contains(@type,'submit')]
22:33:40.132  INFO  manager.ListenerWD - After find element-->By.xpath: //button[contains(@type,'submit')]
22:33:40.188  INFO  manager.ListenerWD - Before find element-->By.cssSelector: div.dialog-container h1
22:33:40.645  INFO  manager.ListenerWD - After find element-->By.cssSelector: div.dialog-container h1
22:33:40.702  INFO  tests.TestBase - Test 1 stopped with data: Car(location=Haifa, Israel, manufacture=bmw, model=W154, year=2020, fuel=Petrol, seats=4, clasS=C, carRegNumber=555-66-1227, price=65, about=very nice car)
22:33:40.715  INFO  tests.TestBase - The name of starts method is -->  loginSuccess
22:33:40.718  INFO  manager.ListenerWD - Before find elements-->By.xpath: //a[text()=' Logout ']
22:33:40.738  INFO  manager.ListenerWD - After find elements-->By.xpath: //a[text()=' Logout ']
22:33:40.739  INFO  manager.ListenerWD - List size-->1
22:33:40.739  INFO  manager.ListenerWD - Before find element-->By.xpath: //button[text()=' Logout ']
22:33:45.876  INFO  manager.ListenerWD - 'Test ends with error'
22:33:45.877  INFO  manager.ListenerWD - *****************************************
22:33:45.878  INFO  manager.ListenerWD - Method method findElement
22:33:45.880  INFO  manager.ListenerWD - *****************************************
22:33:45.883  INFO  manager.ListenerWD - Invocation Target Exceptionorg.openqa.selenium.NoSuchElementException: no such element: Unable to locate element: {"method":"xpath","selector":"//button[text()=' Logout ']"}
  (Session info: chrome=109.0.5414.120)
For documentation on this error, please visit: https://selenium.dev/exceptions/#no_such_element
Build info: version: '4.7.1', revision: 'c6795baf1a3'
System info: os.name: 'Windows 10', os.arch: 'amd64', os.version: '10.0', java.version: '11.0.17'
Driver info: org.openqa.selenium.chrome.ChromeDriver
Command: [e6569904d76e823a2dca96bed989d0d2, findElement {using=xpath, value=//button[text()=' Logout ']}]
Capabilities {acceptInsecureCerts: false, browserName: chrome, browserVersion: 109.0.5414.120, chrome: {chromedriverVersion: 109.0.5414.74 (e7c5703604da..., userDataDir: C:\Users\ALEKSA~1\AppData\L...}, goog:chromeOptions: {debuggerAddress: localhost:63011}, networkConnectionEnabled: false, pageLoadStrategy: normal, platformName: WINDOWS, proxy: Proxy(), se:cdp: ws://localhost:63011/devtoo..., se:cdpVersion: 109.0.5414.120, setWindowRect: true, strictFileInteractability: false, timeouts: {implicit: 0, pageLoad: 300000, script: 30000}, unhandledPromptBehavior: dismiss and notify, webauthn:extension:credBlob: true, webauthn:extension:largeBlob: true, webauthn:virtualAuthenticators: true}
Session ID: e6569904d76e823a2dca96bed989d0d2
22:33:45.885  INFO  manager.ListenerWD - *****************************************
22:33:45.886  INFO  manager.ListenerWD - Object targetChromeDriver: chrome on WINDOWS (e6569904d76e823a2dca96bed989d0d2)
22:33:45.887  INFO  manager.ListenerWD - *****************************************
22:33:45.894  INFO  manager.ListenerWD - Screen with error-->src/test/screenshots/screen809.png
22:33:46.197  INFO  tests.TestBase - The name of starts method is -->  registrationSuccess
22:33:46.198  INFO  manager.ListenerWD - Before find elements-->By.xpath: //a[text()=' Logout ']
22:33:46.240  INFO  manager.ListenerWD - After find elements-->By.xpath: //a[text()=' Logout ']
22:33:46.240  INFO  manager.ListenerWD - List size-->1
22:33:46.240  INFO  manager.ListenerWD - Before find element-->By.xpath: //button[text()=' Logout ']
22:33:51.261  INFO  manager.ListenerWD - 'Test ends with error'
22:33:51.261  INFO  manager.ListenerWD - *****************************************
22:33:51.262  INFO  manager.ListenerWD - Method method findElement
22:33:51.262  INFO  manager.ListenerWD - *****************************************
22:33:51.263  INFO  manager.ListenerWD - Invocation Target Exceptionorg.openqa.selenium.NoSuchElementException: no such element: Unable to locate element: {"method":"xpath","selector":"//button[text()=' Logout ']"}
  (Session info: chrome=109.0.5414.120)
For documentation on this error, please visit: https://selenium.dev/exceptions/#no_such_element
Build info: version: '4.7.1', revision: 'c6795baf1a3'
System info: os.name: 'Windows 10', os.arch: 'amd64', os.version: '10.0', java.version: '11.0.17'
Driver info: org.openqa.selenium.chrome.ChromeDriver
Command: [e6569904d76e823a2dca96bed989d0d2, findElement {using=xpath, value=//button[text()=' Logout ']}]
Capabilities {acceptInsecureCerts: false, browserName: chrome, browserVersion: 109.0.5414.120, chrome: {chromedriverVersion: 109.0.5414.74 (e7c5703604da..., userDataDir: C:\Users\ALEKSA~1\AppData\L...}, goog:chromeOptions: {debuggerAddress: localhost:63011}, networkConnectionEnabled: false, pageLoadStrategy: normal, platformName: WINDOWS, proxy: Proxy(), se:cdp: ws://localhost:63011/devtoo..., se:cdpVersion: 109.0.5414.120, setWindowRect: true, strictFileInteractability: false, timeouts: {implicit: 0, pageLoad: 300000, script: 30000}, unhandledPromptBehavior: dismiss and notify, webauthn:extension:credBlob: true, webauthn:extension:largeBlob: true, webauthn:virtualAuthenticators: true}
Session ID: e6569904d76e823a2dca96bed989d0d2
22:33:51.265  INFO  manager.ListenerWD - *****************************************
22:33:51.266  INFO  manager.ListenerWD - Object targetChromeDriver: chrome on WINDOWS (e6569904d76e823a2dca96bed989d0d2)
22:33:51.266  INFO  manager.ListenerWD - *****************************************
22:33:51.266  INFO  manager.ListenerWD - Screen with error-->src/test/screenshots/screen945.png
