17:54:10.716  INFO  manager.ApplicationManager - All test start in Chrome Browser
17:54:13.397  INFO  manager.ApplicationManager - Current URL -->https://ilcarro.web.app/search
17:54:13.431  INFO  tests.TestBase - The name of starts method is -->  loginWrongEmail
17:54:13.434  INFO  manager.ListenerWD - Before find elements-->By.xpath: //a[text()=' Logout ']
17:54:18.488  INFO  manager.ListenerWD - After find elements-->By.xpath: //a[text()=' Logout ']
17:54:18.492  INFO  manager.ListenerWD - List size-->0
17:54:18.495  INFO  tests.TestBase - Test 4: Login Wrong Email with data: email-> ben.com & password-> Beny$123456 
17:54:18.498  INFO  manager.ListenerWD - Before find element-->By.xpath: //a[text()=' Log in ']
17:54:18.534  INFO  manager.ListenerWD - After find element-->By.xpath: //a[text()=' Log in ']
17:54:18.663  INFO  manager.ListenerWD - Before find element-->By.xpath: //input[@type='email']
17:54:18.695  INFO  manager.ListenerWD - After find element-->By.xpath: //input[@type='email']
17:54:18.877  INFO  manager.ListenerWD - Before find element-->By.id: password
17:54:18.918  INFO  manager.ListenerWD - After find element-->By.id: password
17:54:19.089  INFO  manager.ListenerWD - Before find element-->By.xpath: //button[contains(@type,'submit')]
17:54:19.126  INFO  manager.ListenerWD - After find element-->By.xpath: //button[contains(@type,'submit')]
17:54:19.178  INFO  manager.ListenerWD - Before find element-->By.cssSelector: div.error
17:54:19.216  INFO  manager.ListenerWD - After find element-->By.cssSelector: div.error
17:54:19.243  INFO  manager.ListenerWD - Before find elements-->By.xpath: //button[text()='Ok']
17:54:24.317  INFO  manager.ListenerWD - After find elements-->By.xpath: //button[text()='Ok']
17:54:24.317  INFO  manager.ListenerWD - List size-->0
