17:49:56.547  INFO  manager.ApplicationManager - All test start in Chrome Browser
17:49:59.234  INFO  manager.ApplicationManager - Current URL -->https://ilcarro.web.app/search
17:49:59.277  INFO  tests.TestBase - The name of starts method is -->  loginSuccess
17:49:59.281  INFO  manager.ListenerWD - Before find elements-->By.xpath: //a[text()=' Logout ']
17:50:04.346  INFO  manager.ListenerWD - After find elements-->By.xpath: //a[text()=' Logout ']
17:50:04.350  INFO  manager.ListenerWD - List size-->0
17:50:04.360  INFO  tests.TestBase - Test 2: Login with valid data: benb@gmail.com password: Beny$123456
17:50:04.363  INFO  manager.ListenerWD - Before find element-->By.xpath: //a[text()=' Log in ']
17:50:04.412  INFO  manager.ListenerWD - After find element-->By.xpath: //a[text()=' Log in ']
17:50:04.588  INFO  manager.ListenerWD - Before find element-->By.id: email
17:50:04.623  INFO  manager.ListenerWD - After find element-->By.id: email
17:50:04.862  INFO  manager.ListenerWD - Before find element-->By.id: password
17:50:04.894  INFO  manager.ListenerWD - After find element-->By.id: password
17:50:05.054  INFO  manager.ListenerWD - Before find element-->By.xpath: //button[contains(@type,'submit')]
17:50:05.087  INFO  manager.ListenerWD - After find element-->By.xpath: //button[contains(@type,'submit')]
17:50:06.153  INFO  manager.ListenerWD - Before find element-->By.cssSelector: div.dialog-container>h2
17:50:07.362  INFO  manager.ListenerWD - After find element-->By.cssSelector: div.dialog-container>h2
17:50:07.385  INFO  tests.TestBase - Test success
17:50:07.389  INFO  manager.ListenerWD - Before find elements-->By.xpath: //button[text()='Ok']
17:50:07.439  INFO  manager.ListenerWD - After find elements-->By.xpath: //button[text()='Ok']
17:50:07.439  INFO  manager.ListenerWD - List size-->1
17:50:07.439  INFO  manager.ListenerWD - Before find element-->By.xpath: //button[text()='Ok']
17:50:07.492  INFO  manager.ListenerWD - After find element-->By.xpath: //button[text()='Ok']
17:50:07.560  INFO  tests.TestBase - The name of starts method is -->  loginSuccess
17:50:07.561  INFO  manager.ListenerWD - Before find elements-->By.xpath: //a[text()=' Logout ']
17:50:07.583  INFO  manager.ListenerWD - After find elements-->By.xpath: //a[text()=' Logout ']
17:50:07.583  INFO  manager.ListenerWD - List size-->1
17:50:07.584  INFO  manager.ListenerWD - Before find element-->By.cssSelector: div.header a:nth-child(5)
17:50:07.645  INFO  manager.ListenerWD - After find element-->By.cssSelector: div.header a:nth-child(5)
17:50:07.747  INFO  tests.TestBase - I need logout
17:50:07.748  INFO  tests.TestBase - Test 2: Login with valid data: ili@gmail.com password: IliB$123456
17:50:07.748  INFO  manager.ListenerWD - Before find element-->By.xpath: //a[text()=' Log in ']
17:50:07.770  INFO  manager.ListenerWD - After find element-->By.xpath: //a[text()=' Log in ']
17:50:07.824  INFO  manager.ListenerWD - Before find element-->By.id: email
17:50:07.845  INFO  manager.ListenerWD - After find element-->By.id: email
17:50:08.024  INFO  manager.ListenerWD - Before find element-->By.id: password
17:50:08.045  INFO  manager.ListenerWD - After find element-->By.id: password
17:50:08.204  INFO  manager.ListenerWD - Before find element-->By.xpath: //button[contains(@type,'submit')]
17:50:08.226  INFO  manager.ListenerWD - After find element-->By.xpath: //button[contains(@type,'submit')]
17:50:09.293  INFO  manager.ListenerWD - Before find element-->By.cssSelector: div.dialog-container>h2
17:50:09.339  INFO  manager.ListenerWD - After find element-->By.cssSelector: div.dialog-container>h2
17:50:09.354  INFO  tests.TestBase - Test success
17:50:09.355  INFO  manager.ListenerWD - Before find elements-->By.xpath: //button[text()='Ok']
17:50:09.372  INFO  manager.ListenerWD - After find elements-->By.xpath: //button[text()='Ok']
17:50:09.372  INFO  manager.ListenerWD - List size-->1
17:50:09.374  INFO  manager.ListenerWD - Before find element-->By.xpath: //button[text()='Ok']
17:50:09.391  INFO  manager.ListenerWD - After find element-->By.xpath: //button[text()='Ok']
17:50:09.427  INFO  tests.TestBase - The name of starts method is -->  loginSuccess
17:50:09.428  INFO  manager.ListenerWD - Before find elements-->By.xpath: //a[text()=' Logout ']
17:50:09.448  INFO  manager.ListenerWD - After find elements-->By.xpath: //a[text()=' Logout ']
17:50:09.448  INFO  manager.ListenerWD - List size-->1
17:50:09.449  INFO  manager.ListenerWD - Before find element-->By.cssSelector: div.header a:nth-child(5)
17:50:09.473  INFO  manager.ListenerWD - After find element-->By.cssSelector: div.header a:nth-child(5)
17:50:09.578  INFO  tests.TestBase - I need logout
17:50:09.583  INFO  tests.TestBase - Test 2: Login with valid data: benb@gmail.com password: Beny$123456
17:50:09.584  INFO  manager.ListenerWD - Before find element-->By.xpath: //a[text()=' Log in ']
17:50:09.610  INFO  manager.ListenerWD - After find element-->By.xpath: //a[text()=' Log in ']
17:50:09.701  INFO  manager.ListenerWD - Before find element-->By.id: email
17:50:09.725  INFO  manager.ListenerWD - After find element-->By.id: email
17:50:09.898  INFO  manager.ListenerWD - Before find element-->By.id: password
17:50:09.917  INFO  manager.ListenerWD - After find element-->By.id: password
17:50:10.056  INFO  manager.ListenerWD - Before find element-->By.xpath: //button[contains(@type,'submit')]
17:50:10.080  INFO  manager.ListenerWD - After find element-->By.xpath: //button[contains(@type,'submit')]
17:50:11.168  INFO  manager.ListenerWD - Before find element-->By.cssSelector: div.dialog-container>h2
17:50:11.184  INFO  manager.ListenerWD - After find element-->By.cssSelector: div.dialog-container>h2
17:50:11.200  INFO  tests.TestBase - Test success
17:50:11.201  INFO  manager.ListenerWD - Before find elements-->By.xpath: //button[text()='Ok']
17:50:11.214  INFO  manager.ListenerWD - After find elements-->By.xpath: //button[text()='Ok']
17:50:11.215  INFO  manager.ListenerWD - List size-->1
17:50:11.215  INFO  manager.ListenerWD - Before find element-->By.xpath: //button[text()='Ok']
17:50:11.232  INFO  manager.ListenerWD - After find element-->By.xpath: //button[text()='Ok']
17:50:11.276  INFO  tests.TestBase - The name of starts method is -->  loginSuccess2
17:50:11.277  INFO  manager.ListenerWD - Before find elements-->By.xpath: //a[text()=' Logout ']
17:50:11.298  INFO  manager.ListenerWD - After find elements-->By.xpath: //a[text()=' Logout ']
17:50:11.299  INFO  manager.ListenerWD - List size-->1
17:50:11.299  INFO  manager.ListenerWD - Before find element-->By.cssSelector: div.header a:nth-child(5)
17:50:11.322  INFO  manager.ListenerWD - After find element-->By.cssSelector: div.header a:nth-child(5)
17:50:11.437  INFO  tests.TestBase - I need logout
17:50:11.439  INFO  tests.TestBase - Test 2: Login with valid data: benb@gmail.com password: Beny$123456
17:50:11.440  INFO  manager.ListenerWD - Before find element-->By.xpath: //a[text()=' Log in ']
17:50:11.459  INFO  manager.ListenerWD - After find element-->By.xpath: //a[text()=' Log in ']
17:50:11.512  INFO  manager.ListenerWD - Before find element-->By.id: email
17:50:11.537  INFO  manager.ListenerWD - After find element-->By.id: email
17:50:11.699  INFO  manager.ListenerWD - Before find element-->By.id: password
17:50:11.717  INFO  manager.ListenerWD - After find element-->By.id: password
17:50:11.879  INFO  manager.ListenerWD - Before find element-->By.xpath: //button[contains(@type,'submit')]
17:50:11.902  INFO  manager.ListenerWD - After find element-->By.xpath: //button[contains(@type,'submit')]
17:50:13.029  INFO  manager.ListenerWD - Before find element-->By.cssSelector: div.dialog-container>h2
17:50:13.050  INFO  manager.ListenerWD - After find element-->By.cssSelector: div.dialog-container>h2
17:50:13.079  INFO  tests.TestBase - Test success
17:50:13.082  INFO  manager.ListenerWD - Before find elements-->By.xpath: //button[text()='Ok']
17:50:13.117  INFO  manager.ListenerWD - After find elements-->By.xpath: //button[text()='Ok']
17:50:13.117  INFO  manager.ListenerWD - List size-->1
17:50:13.117  INFO  manager.ListenerWD - Before find element-->By.xpath: //button[text()='Ok']
17:50:13.153  INFO  manager.ListenerWD - After find element-->By.xpath: //button[text()='Ok']
17:50:13.213  INFO  tests.TestBase - The name of starts method is -->  loginSuccess2
17:50:13.217  INFO  manager.ListenerWD - Before find elements-->By.xpath: //a[text()=' Logout ']
17:50:13.243  INFO  manager.ListenerWD - After find elements-->By.xpath: //a[text()=' Logout ']
17:50:13.244  INFO  manager.ListenerWD - List size-->1
17:50:13.244  INFO  manager.ListenerWD - Before find element-->By.cssSelector: div.header a:nth-child(5)
17:50:13.273  INFO  manager.ListenerWD - After find element-->By.cssSelector: div.header a:nth-child(5)
17:50:13.440  INFO  tests.TestBase - I need logout
17:50:13.441  INFO  tests.TestBase - Test 2: Login with valid data: ili@gmail.com password: IliB$123456
17:50:13.442  INFO  manager.ListenerWD - Before find element-->By.xpath: //a[text()=' Log in ']
17:50:13.469  INFO  manager.ListenerWD - After find element-->By.xpath: //a[text()=' Log in ']
17:50:13.573  INFO  manager.ListenerWD - Before find element-->By.id: email
17:50:13.615  INFO  manager.ListenerWD - After find element-->By.id: email
17:50:13.848  INFO  manager.ListenerWD - Before find element-->By.id: password
17:50:13.884  INFO  manager.ListenerWD - After find element-->By.id: password
17:50:14.176  INFO  manager.ListenerWD - Before find element-->By.xpath: //button[contains(@type,'submit')]
17:50:14.200  INFO  manager.ListenerWD - After find element-->By.xpath: //button[contains(@type,'submit')]
17:50:15.298  INFO  manager.ListenerWD - Before find element-->By.cssSelector: div.dialog-container>h2
17:50:15.313  INFO  manager.ListenerWD - After find element-->By.cssSelector: div.dialog-container>h2
17:50:15.328  INFO  tests.TestBase - Test success
17:50:15.329  INFO  manager.ListenerWD - Before find elements-->By.xpath: //button[text()='Ok']
17:50:15.348  INFO  manager.ListenerWD - After find elements-->By.xpath: //button[text()='Ok']
17:50:15.348  INFO  manager.ListenerWD - List size-->1
17:50:15.349  INFO  manager.ListenerWD - Before find element-->By.xpath: //button[text()='Ok']
17:50:15.368  INFO  manager.ListenerWD - After find element-->By.xpath: //button[text()='Ok']
17:50:15.409  INFO  tests.TestBase - The name of starts method is -->  loginSuccess2
17:50:15.411  INFO  manager.ListenerWD - Before find elements-->By.xpath: //a[text()=' Logout ']
17:50:15.445  INFO  manager.ListenerWD - After find elements-->By.xpath: //a[text()=' Logout ']
17:50:15.445  INFO  manager.ListenerWD - List size-->1
17:50:15.446  INFO  manager.ListenerWD - Before find element-->By.cssSelector: div.header a:nth-child(5)
17:50:15.461  INFO  manager.ListenerWD - After find element-->By.cssSelector: div.header a:nth-child(5)
17:50:15.569  INFO  tests.TestBase - I need logout
17:50:15.570  INFO  tests.TestBase - Test 2: Login with valid data: benb@gmail.com password: Beny$123456
17:50:15.571  INFO  manager.ListenerWD - Before find element-->By.xpath: //a[text()=' Log in ']
17:50:15.617  INFO  manager.ListenerWD - After find element-->By.xpath: //a[text()=' Log in ']
17:50:15.677  INFO  manager.ListenerWD - Before find element-->By.id: email
17:50:15.702  INFO  manager.ListenerWD - After find element-->By.id: email
17:50:15.884  INFO  manager.ListenerWD - Before find element-->By.id: password
17:50:15.904  INFO  manager.ListenerWD - After find element-->By.id: password
17:50:16.053  INFO  manager.ListenerWD - Before find element-->By.xpath: //button[contains(@type,'submit')]
17:50:16.075  INFO  manager.ListenerWD - After find element-->By.xpath: //button[contains(@type,'submit')]
17:50:17.160  INFO  manager.ListenerWD - Before find element-->By.cssSelector: div.dialog-container>h2
17:50:17.211  INFO  manager.ListenerWD - After find element-->By.cssSelector: div.dialog-container>h2
17:50:17.230  INFO  tests.TestBase - Test success
17:50:17.231  INFO  manager.ListenerWD - Before find elements-->By.xpath: //button[text()='Ok']
17:50:17.245  INFO  manager.ListenerWD - After find elements-->By.xpath: //button[text()='Ok']
17:50:17.246  INFO  manager.ListenerWD - List size-->1
17:50:17.246  INFO  manager.ListenerWD - Before find element-->By.xpath: //button[text()='Ok']
17:50:17.261  INFO  manager.ListenerWD - After find element-->By.xpath: //button[text()='Ok']
17:50:17.310  INFO  tests.TestBase - The name of starts method is -->  loginSuccessModelFromFile
17:50:17.311  INFO  manager.ListenerWD - Before find elements-->By.xpath: //a[text()=' Logout ']
17:50:17.335  INFO  manager.ListenerWD - After find elements-->By.xpath: //a[text()=' Logout ']
17:50:17.335  INFO  manager.ListenerWD - List size-->1
17:50:17.335  INFO  manager.ListenerWD - Before find element-->By.cssSelector: div.header a:nth-child(5)
17:50:17.364  INFO  manager.ListenerWD - After find element-->By.cssSelector: div.header a:nth-child(5)
17:50:17.505  INFO  tests.TestBase - I need logout
17:50:17.507  INFO  tests.TestBase - Test 3: Login Success Model with User: UserLombok(email=benb@gmail.com, password=Beny$123456)
17:50:17.507  INFO  manager.ListenerWD - Before find element-->By.xpath: //a[text()=' Log in ']
17:50:17.522  INFO  manager.ListenerWD - After find element-->By.xpath: //a[text()=' Log in ']
17:50:17.590  INFO  manager.ListenerWD - Before find element-->By.xpath: //input[@type='email']
17:50:17.618  INFO  manager.ListenerWD - After find element-->By.xpath: //input[@type='email']
17:50:17.789  INFO  manager.ListenerWD - Before find element-->By.id: password
17:50:17.808  INFO  manager.ListenerWD - After find element-->By.id: password
17:50:17.987  INFO  manager.ListenerWD - Before find element-->By.xpath: //button[contains(@type,'submit')]
17:50:18.010  INFO  manager.ListenerWD - After find element-->By.xpath: //button[contains(@type,'submit')]
17:50:18.056  INFO  manager.ListenerWD - Before find element-->By.cssSelector: div.dialog-container>h2
17:50:18.447  INFO  manager.ListenerWD - After find element-->By.cssSelector: div.dialog-container>h2
17:50:18.468  INFO  tests.TestBase - Message is: 'Logged in success'
17:50:18.469  INFO  manager.ListenerWD - Before find elements-->By.xpath: //button[text()='Ok']
17:50:18.485  INFO  manager.ListenerWD - After find elements-->By.xpath: //button[text()='Ok']
17:50:18.485  INFO  manager.ListenerWD - List size-->1
17:50:18.485  INFO  manager.ListenerWD - Before find element-->By.xpath: //button[text()='Ok']
17:50:18.500  INFO  manager.ListenerWD - After find element-->By.xpath: //button[text()='Ok']
17:50:18.537  INFO  tests.TestBase - The name of starts method is -->  loginSuccessModelFromFile
17:50:18.537  INFO  manager.ListenerWD - Before find elements-->By.xpath: //a[text()=' Logout ']
17:50:18.552  INFO  manager.ListenerWD - After find elements-->By.xpath: //a[text()=' Logout ']
17:50:18.553  INFO  manager.ListenerWD - List size-->1
17:50:18.554  INFO  manager.ListenerWD - Before find element-->By.cssSelector: div.header a:nth-child(5)
17:50:18.569  INFO  manager.ListenerWD - After find element-->By.cssSelector: div.header a:nth-child(5)
17:50:18.632  INFO  tests.TestBase - I need logout
17:50:18.635  INFO  tests.TestBase - Test 3: Login Success Model with User: UserLombok(email=ili@gmail.com, password=IliB$123456)
17:50:18.636  INFO  manager.ListenerWD - Before find element-->By.xpath: //a[text()=' Log in ']
17:50:18.665  INFO  manager.ListenerWD - After find element-->By.xpath: //a[text()=' Log in ']
17:50:18.717  INFO  manager.ListenerWD - Before find element-->By.xpath: //input[@type='email']
17:50:18.733  INFO  manager.ListenerWD - After find element-->By.xpath: //input[@type='email']
17:50:18.886  INFO  manager.ListenerWD - Before find element-->By.id: password
17:50:18.902  INFO  manager.ListenerWD - After find element-->By.id: password
17:50:19.036  INFO  manager.ListenerWD - Before find element-->By.xpath: //button[contains(@type,'submit')]
17:50:19.054  INFO  manager.ListenerWD - After find element-->By.xpath: //button[contains(@type,'submit')]
17:50:19.105  INFO  manager.ListenerWD - Before find element-->By.cssSelector: div.dialog-container>h2
17:50:19.646  INFO  manager.ListenerWD - After find element-->By.cssSelector: div.dialog-container>h2
17:50:19.663  INFO  tests.TestBase - Message is: 'Logged in success'
17:50:19.666  INFO  manager.ListenerWD - Before find elements-->By.xpath: //button[text()='Ok']
17:50:19.683  INFO  manager.ListenerWD - After find elements-->By.xpath: //button[text()='Ok']
17:50:19.683  INFO  manager.ListenerWD - List size-->1
17:50:19.683  INFO  manager.ListenerWD - Before find element-->By.xpath: //button[text()='Ok']
17:50:19.700  INFO  manager.ListenerWD - After find element-->By.xpath: //button[text()='Ok']
17:50:19.745  INFO  tests.TestBase - The name of starts method is -->  loginSuccessModelFromFile
17:50:19.748  INFO  manager.ListenerWD - Before find elements-->By.xpath: //a[text()=' Logout ']
17:50:19.764  INFO  manager.ListenerWD - After find elements-->By.xpath: //a[text()=' Logout ']
17:50:19.765  INFO  manager.ListenerWD - List size-->1
17:50:19.766  INFO  manager.ListenerWD - Before find element-->By.cssSelector: div.header a:nth-child(5)
17:50:19.779  INFO  manager.ListenerWD - After find element-->By.cssSelector: div.header a:nth-child(5)
17:50:19.876  INFO  tests.TestBase - I need logout
17:50:19.880  INFO  tests.TestBase - Test 3: Login Success Model with User: UserLombok(email=benb@gmail.com, password=Beny$123456)
17:50:19.880  INFO  manager.ListenerWD - Before find element-->By.xpath: //a[text()=' Log in ']
17:50:19.899  INFO  manager.ListenerWD - After find element-->By.xpath: //a[text()=' Log in ']
17:50:19.955  INFO  manager.ListenerWD - Before find element-->By.xpath: //input[@type='email']
17:50:19.970  INFO  manager.ListenerWD - After find element-->By.xpath: //input[@type='email']
17:50:20.117  INFO  manager.ListenerWD - Before find element-->By.id: password
17:50:20.135  INFO  manager.ListenerWD - After find element-->By.id: password
17:50:20.266  INFO  manager.ListenerWD - Before find element-->By.xpath: //button[contains(@type,'submit')]
17:50:20.282  INFO  manager.ListenerWD - After find element-->By.xpath: //button[contains(@type,'submit')]
17:50:20.327  INFO  manager.ListenerWD - Before find element-->By.cssSelector: div.dialog-container>h2
17:50:20.673  INFO  manager.ListenerWD - After find element-->By.cssSelector: div.dialog-container>h2
17:50:20.690  INFO  tests.TestBase - Message is: 'Logged in success'
17:50:20.691  INFO  manager.ListenerWD - Before find elements-->By.xpath: //button[text()='Ok']
17:50:20.708  INFO  manager.ListenerWD - After find elements-->By.xpath: //button[text()='Ok']
17:50:20.709  INFO  manager.ListenerWD - List size-->1
17:50:20.709  INFO  manager.ListenerWD - Before find element-->By.xpath: //button[text()='Ok']
17:50:20.725  INFO  manager.ListenerWD - After find element-->By.xpath: //button[text()='Ok']
17:50:20.774  INFO  tests.TestBase - The name of starts method is -->  loginWrongEmail
17:50:20.774  INFO  manager.ListenerWD - Before find elements-->By.xpath: //a[text()=' Logout ']
17:50:20.792  INFO  manager.ListenerWD - After find elements-->By.xpath: //a[text()=' Logout ']
17:50:20.792  INFO  manager.ListenerWD - List size-->1
17:50:20.792  INFO  manager.ListenerWD - Before find element-->By.cssSelector: div.header a:nth-child(5)
17:50:20.810  INFO  manager.ListenerWD - After find element-->By.cssSelector: div.header a:nth-child(5)
17:50:20.907  INFO  tests.TestBase - I need logout
17:50:20.909  INFO  tests.TestBase - Test 4: Login Wrong Email with data: email-> ben.com & password-> Beny$123456 
17:50:20.909  INFO  manager.ListenerWD - Before find element-->By.xpath: //a[text()=' Log in ']
17:50:20.927  INFO  manager.ListenerWD - After find element-->By.xpath: //a[text()=' Log in ']
17:50:20.988  INFO  manager.ListenerWD - Before find element-->By.xpath: //input[@type='email']
17:50:21.007  INFO  manager.ListenerWD - After find element-->By.xpath: //input[@type='email']
17:50:21.229  INFO  manager.ListenerWD - Before find element-->By.id: password
17:50:21.246  INFO  manager.ListenerWD - After find element-->By.id: password
17:50:21.373  INFO  manager.ListenerWD - Before find element-->By.xpath: //button[contains(@type,'submit')]
17:50:21.391  INFO  manager.ListenerWD - After find element-->By.xpath: //button[contains(@type,'submit')]
17:50:21.432  INFO  manager.ListenerWD - Before find element-->By.cssSelector: div.error
17:50:21.455  INFO  manager.ListenerWD - After find element-->By.cssSelector: div.error
17:50:21.474  INFO  manager.ListenerWD - Before find elements-->By.xpath: //button[text()='Ok']
17:50:26.501  INFO  manager.ListenerWD - After find elements-->By.xpath: //button[text()='Ok']
17:50:26.501  INFO  manager.ListenerWD - List size-->0
17:50:26.506  INFO  tests.TestBase - The name of starts method is -->  loginWrongPassword
17:50:26.508  INFO  manager.ListenerWD - Before find elements-->By.xpath: //a[text()=' Logout ']
17:50:31.561  INFO  manager.ListenerWD - After find elements-->By.xpath: //a[text()=' Logout ']
17:50:31.561  INFO  manager.ListenerWD - List size-->0
17:50:31.565  INFO  tests.TestBase - Test 5: Login Wrong Password with data:benb@gmail.comBe
17:50:31.565  INFO  manager.ListenerWD - Before find element-->By.xpath: //a[text()=' Log in ']
17:50:31.578  INFO  manager.ListenerWD - After find element-->By.xpath: //a[text()=' Log in ']
17:50:31.614  INFO  manager.ListenerWD - Before find element-->By.xpath: //input[@type='email']
17:50:31.630  INFO  manager.ListenerWD - After find element-->By.xpath: //input[@type='email']
17:50:31.824  INFO  manager.ListenerWD - Before find element-->By.id: password
17:50:31.843  INFO  manager.ListenerWD - After find element-->By.id: password
17:50:31.968  INFO  manager.ListenerWD - Before find element-->By.xpath: //button[contains(@type,'submit')]
17:50:31.988  INFO  manager.ListenerWD - After find element-->By.xpath: //button[contains(@type,'submit')]
17:50:34.037  INFO  manager.ListenerWD - Before find element-->By.cssSelector: div.dialog-container>h2
17:50:34.074  INFO  manager.ListenerWD - After find element-->By.cssSelector: div.dialog-container>h2
17:50:34.089  INFO  tests.TestBase - Error message is: 'Login or Password incorrect'
17:50:34.090  INFO  manager.ListenerWD - Before find elements-->By.xpath: //button[text()='Ok']
17:50:34.105  INFO  manager.ListenerWD - After find elements-->By.xpath: //button[text()='Ok']
17:50:34.105  INFO  manager.ListenerWD - List size-->1
17:50:34.106  INFO  manager.ListenerWD - Before find element-->By.xpath: //button[text()='Ok']
17:50:34.121  INFO  manager.ListenerWD - After find element-->By.xpath: //button[text()='Ok']
