15:46:24.796  INFO  manager.ApplicationManager - All test start in Chrome Browser
15:46:27.177  INFO  manager.ApplicationManager - Current URL -->https://ilcarro.web.app/search
15:46:27.232  INFO  tests.TestBase - The name of starts method is -->  loginSuccess
15:46:27.234  INFO  manager.ListenerWD - Before find elements-->By.xpath: //a[text()=' Logout ']
15:46:32.268  INFO  manager.ListenerWD - After find elements-->By.xpath: //a[text()=' Logout ']
15:46:32.272  INFO  manager.ListenerWD - List size-->0
15:46:32.281  INFO  tests.TestBase - Test 2: Login with valid data: benb@gmail.com password: Beny$123456
15:46:32.285  INFO  manager.ListenerWD - Before find element-->By.xpath: //a[text()=' Log in ']
15:46:32.319  INFO  manager.ListenerWD - After find element-->By.xpath: //a[text()=' Log in ']
15:46:32.477  INFO  manager.ListenerWD - Before find element-->By.id: email
15:46:32.519  INFO  manager.ListenerWD - After find element-->By.id: email
15:46:32.741  INFO  manager.ListenerWD - Before find element-->By.id: password
15:46:32.788  INFO  manager.ListenerWD - After find element-->By.id: password
15:46:32.944  INFO  manager.ListenerWD - Before find element-->By.xpath: //button[contains(@type,'submit')]
15:46:32.982  INFO  manager.ListenerWD - After find element-->By.xpath: //button[contains(@type,'submit')]
15:46:34.065  INFO  manager.ListenerWD - Before find element-->By.cssSelector: div.dialog-container>h2
15:46:34.671  INFO  manager.ListenerWD - After find element-->By.cssSelector: div.dialog-container>h2
15:46:34.697  INFO  tests.TestBase - Test success
15:46:34.701  INFO  manager.ListenerWD - Before find elements-->By.xpath: //button[text()='Ok']
15:46:34.756  INFO  manager.ListenerWD - After find elements-->By.xpath: //button[text()='Ok']
15:46:34.757  INFO  manager.ListenerWD - List size-->1
15:46:34.759  INFO  manager.ListenerWD - Before find element-->By.xpath: //button[text()='Ok']
15:46:34.798  INFO  manager.ListenerWD - After find element-->By.xpath: //button[text()='Ok']
15:46:34.864  INFO  tests.TestBase - The name of starts method is -->  loginSuccess
15:46:34.865  INFO  manager.ListenerWD - Before find elements-->By.xpath: //a[text()=' Logout ']
15:46:34.891  INFO  manager.ListenerWD - After find elements-->By.xpath: //a[text()=' Logout ']
15:46:34.891  INFO  manager.ListenerWD - List size-->1
15:46:34.891  INFO  manager.ListenerWD - Before find element-->By.xpath: //a[text()=' Logout ']
15:46:34.950  INFO  manager.ListenerWD - After find element-->By.xpath: //a[text()=' Logout ']
15:46:35.064  INFO  tests.TestBase - I need logout
15:46:35.066  INFO  tests.TestBase - Test 2: Login with valid data: ili@gmail.com password: IliB$123456
15:46:35.066  INFO  manager.ListenerWD - Before find element-->By.xpath: //a[text()=' Log in ']
15:46:35.094  INFO  manager.ListenerWD - After find element-->By.xpath: //a[text()=' Log in ']
15:46:35.173  INFO  manager.ListenerWD - Before find element-->By.id: email
15:46:35.196  INFO  manager.ListenerWD - After find element-->By.id: email
15:46:35.386  INFO  manager.ListenerWD - Before find element-->By.id: password
15:46:35.411  INFO  manager.ListenerWD - After find element-->By.id: password
15:46:35.583  INFO  manager.ListenerWD - Before find element-->By.xpath: //button[contains(@type,'submit')]
15:46:35.616  INFO  manager.ListenerWD - After find element-->By.xpath: //button[contains(@type,'submit')]
15:46:36.704  INFO  manager.ListenerWD - Before find element-->By.cssSelector: div.dialog-container>h2
15:46:36.722  INFO  manager.ListenerWD - After find element-->By.cssSelector: div.dialog-container>h2
15:46:36.742  INFO  tests.TestBase - Test success
15:46:36.743  INFO  manager.ListenerWD - Before find elements-->By.xpath: //button[text()='Ok']
15:46:36.762  INFO  manager.ListenerWD - After find elements-->By.xpath: //button[text()='Ok']
15:46:36.762  INFO  manager.ListenerWD - List size-->1
15:46:36.762  INFO  manager.ListenerWD - Before find element-->By.xpath: //button[text()='Ok']
15:46:36.781  INFO  manager.ListenerWD - After find element-->By.xpath: //button[text()='Ok']
15:46:36.820  INFO  tests.TestBase - The name of starts method is -->  loginSuccess
15:46:36.821  INFO  manager.ListenerWD - Before find elements-->By.xpath: //a[text()=' Logout ']
15:46:36.841  INFO  manager.ListenerWD - After find elements-->By.xpath: //a[text()=' Logout ']
15:46:36.841  INFO  manager.ListenerWD - List size-->1
15:46:36.841  INFO  manager.ListenerWD - Before find element-->By.xpath: //a[text()=' Logout ']
15:46:36.864  INFO  manager.ListenerWD - After find element-->By.xpath: //a[text()=' Logout ']
15:46:36.966  INFO  tests.TestBase - I need logout
15:46:36.971  INFO  tests.TestBase - Test 2: Login with valid data: benb@gmail.com password: Beny$123456
15:46:36.972  INFO  manager.ListenerWD - Before find element-->By.xpath: //a[text()=' Log in ']
15:46:36.997  INFO  manager.ListenerWD - After find element-->By.xpath: //a[text()=' Log in ']
15:46:37.059  INFO  manager.ListenerWD - Before find element-->By.id: email
15:46:37.081  INFO  manager.ListenerWD - After find element-->By.id: email
15:46:37.256  INFO  manager.ListenerWD - Before find element-->By.id: password
15:46:37.275  INFO  manager.ListenerWD - After find element-->By.id: password
15:46:37.429  INFO  manager.ListenerWD - Before find element-->By.xpath: //button[contains(@type,'submit')]
15:46:37.447  INFO  manager.ListenerWD - After find element-->By.xpath: //button[contains(@type,'submit')]
15:46:38.509  INFO  manager.ListenerWD - Before find element-->By.cssSelector: div.dialog-container>h2
15:46:38.554  INFO  manager.ListenerWD - After find element-->By.cssSelector: div.dialog-container>h2
15:46:38.570  INFO  tests.TestBase - Test success
15:46:38.571  INFO  manager.ListenerWD - Before find elements-->By.xpath: //button[text()='Ok']
15:46:38.587  INFO  manager.ListenerWD - After find elements-->By.xpath: //button[text()='Ok']
15:46:38.588  INFO  manager.ListenerWD - List size-->1
15:46:38.588  INFO  manager.ListenerWD - Before find element-->By.xpath: //button[text()='Ok']
15:46:38.601  INFO  manager.ListenerWD - After find element-->By.xpath: //button[text()='Ok']
