17:53:07.836  INFO  manager.ApplicationManager - All test start in Chrome Browser
17:53:10.133  INFO  manager.ApplicationManager - Current URL -->https://ilcarro.web.app/search
17:53:10.175  INFO  tests.TestBase - The name of starts method is -->  loginSuccessModel
17:53:10.179  INFO  manager.ListenerWD - Before find elements-->By.xpath: //a[text()=' Logout ']
17:53:15.234  INFO  manager.ListenerWD - After find elements-->By.xpath: //a[text()=' Logout ']
17:53:15.238  INFO  manager.ListenerWD - List size-->0
17:53:15.257  INFO  tests.TestBase - Test 3: Login Success Model with User: User{name='null', lastName='null', email='ili@gmail.com', password='IliB$123456'}
17:53:15.260  INFO  manager.ListenerWD - Before find element-->By.xpath: //a[text()=' Log in ']
17:53:15.304  INFO  manager.ListenerWD - After find element-->By.xpath: //a[text()=' Log in ']
17:53:15.506  INFO  manager.ListenerWD - Before find element-->By.xpath: //input[@type='email']
17:53:15.547  INFO  manager.ListenerWD - After find element-->By.xpath: //input[@type='email']
17:53:15.769  INFO  manager.ListenerWD - Before find element-->By.id: password
17:53:15.805  INFO  manager.ListenerWD - After find element-->By.id: password
17:53:15.964  INFO  manager.ListenerWD - Before find element-->By.xpath: //button[contains(@type,'submit')]
17:53:16.002  INFO  manager.ListenerWD - After find element-->By.xpath: //button[contains(@type,'submit')]
17:53:16.070  INFO  manager.ListenerWD - Before find element-->By.cssSelector: div.dialog-container>h2
17:53:17.184  INFO  manager.ListenerWD - After find element-->By.cssSelector: div.dialog-container>h2
17:53:17.213  INFO  tests.TestBase - Message is: 'Logged in success'
17:53:17.216  INFO  manager.ListenerWD - Before find elements-->By.xpath: //button[text()='Ok']
17:53:17.267  INFO  manager.ListenerWD - After find elements-->By.xpath: //button[text()='Ok']
17:53:17.267  INFO  manager.ListenerWD - List size-->1
17:53:17.268  INFO  manager.ListenerWD - Before find element-->By.xpath: //button[text()='Ok']
17:53:17.307  INFO  manager.ListenerWD - After find element-->By.xpath: //button[text()='Ok']
