17:54:47.496  INFO  manager.ApplicationManager - All test start in Chrome Browser
17:54:50.055  INFO  manager.ApplicationManager - Current URL -->https://ilcarro.web.app/search
17:54:50.102  INFO  tests.TestBase - The name of starts method is -->  loginWrongEmail
17:54:50.105  INFO  manager.ListenerWD - Before find elements-->By.xpath: //a[text()=' Logout ']
17:54:55.132  INFO  manager.ListenerWD - After find elements-->By.xpath: //a[text()=' Logout ']
17:54:55.135  INFO  manager.ListenerWD - List size-->0
17:54:55.138  INFO  tests.TestBase - Test 4: Login Wrong Email with data: email-> ben.com & password-> Beny$123456 
17:54:55.140  INFO  manager.ListenerWD - Before find element-->By.xpath: //a[text()=' Log in ']
17:54:55.177  INFO  manager.ListenerWD - After find element-->By.xpath: //a[text()=' Log in ']
17:54:55.308  INFO  manager.ListenerWD - Before find element-->By.xpath: //input[@type='email']
17:54:55.358  INFO  manager.ListenerWD - After find element-->By.xpath: //input[@type='email']
17:54:55.586  INFO  manager.ListenerWD - Before find element-->By.id: password
17:54:55.619  INFO  manager.ListenerWD - After find element-->By.id: password
17:54:55.780  INFO  manager.ListenerWD - Before find element-->By.xpath: //button[contains(@type,'submit')]
17:54:55.820  INFO  manager.ListenerWD - After find element-->By.xpath: //button[contains(@type,'submit')]
17:54:55.871  INFO  manager.ListenerWD - Before find element-->By.cssSelector: div.error
17:54:55.907  INFO  manager.ListenerWD - After find element-->By.cssSelector: div.error
17:54:55.932  INFO  manager.ListenerWD - Before find element-->By.cssSelector: button[disabled]
17:54:55.967  INFO  manager.ListenerWD - After find element-->By.cssSelector: button[disabled]
17:54:55.984  INFO  tests.TestBase - Error message is: 'It's not look like email'
17:54:55.986  INFO  manager.ListenerWD - Before find elements-->By.xpath: //button[text()='Ok']
17:55:01.067  INFO  manager.ListenerWD - After find elements-->By.xpath: //button[text()='Ok']
17:55:01.068  INFO  manager.ListenerWD - List size-->0
