17:53:30.336  INFO  manager.ApplicationManager - All test start in Chrome Browser
17:53:33.266  INFO  manager.ApplicationManager - Current URL -->https://ilcarro.web.app/search
17:53:33.304  INFO  tests.TestBase - The name of starts method is -->  loginSuccessModelFromFile
17:53:33.306  INFO  manager.ListenerWD - Before find elements-->By.xpath: //a[text()=' Logout ']
17:53:38.329  INFO  manager.ListenerWD - After find elements-->By.xpath: //a[text()=' Logout ']
17:53:38.332  INFO  manager.ListenerWD - List size-->0
17:53:38.343  INFO  tests.TestBase - Test 3: Login Success Model with User: UserLombok(email=benb@gmail.com, password=Beny$123456)
17:53:38.344  INFO  manager.ListenerWD - Before find element-->By.xpath: //a[text()=' Log in ']
17:53:38.404  INFO  manager.ListenerWD - After find element-->By.xpath: //a[text()=' Log in ']
17:53:38.542  INFO  manager.ListenerWD - Before find element-->By.xpath: //input[@type='email']
17:53:38.586  INFO  manager.ListenerWD - After find element-->By.xpath: //input[@type='email']
17:53:38.785  INFO  manager.ListenerWD - Before find element-->By.id: password
17:53:38.816  INFO  manager.ListenerWD - After find element-->By.id: password
17:53:38.995  INFO  manager.ListenerWD - Before find element-->By.xpath: //button[contains(@type,'submit')]
17:53:39.032  INFO  manager.ListenerWD - After find element-->By.xpath: //button[contains(@type,'submit')]
17:53:39.112  INFO  manager.ListenerWD - Before find element-->By.cssSelector: div.dialog-container>h2
17:53:40.187  INFO  manager.ListenerWD - After find element-->By.cssSelector: div.dialog-container>h2
17:53:40.221  INFO  tests.TestBase - Message is: 'Logged in success'
17:53:40.224  INFO  manager.ListenerWD - Before find elements-->By.xpath: //button[text()='Ok']
17:53:40.284  INFO  manager.ListenerWD - After find elements-->By.xpath: //button[text()='Ok']
17:53:40.285  INFO  manager.ListenerWD - List size-->1
17:53:40.285  INFO  manager.ListenerWD - Before find element-->By.xpath: //button[text()='Ok']
17:53:40.328  INFO  manager.ListenerWD - After find element-->By.xpath: //button[text()='Ok']
17:53:40.384  INFO  tests.TestBase - The name of starts method is -->  loginSuccessModelFromFile
17:53:40.385  INFO  manager.ListenerWD - Before find elements-->By.xpath: //a[text()=' Logout ']
17:53:40.420  INFO  manager.ListenerWD - After find elements-->By.xpath: //a[text()=' Logout ']
17:53:40.421  INFO  manager.ListenerWD - List size-->1
17:53:40.422  INFO  manager.ListenerWD - Before find element-->By.cssSelector: div.header a:nth-child(5)
17:53:40.502  INFO  manager.ListenerWD - After find element-->By.cssSelector: div.header a:nth-child(5)
17:53:40.669  INFO  tests.TestBase - I need logout
17:53:40.670  INFO  tests.TestBase - Test 3: Login Success Model with User: UserLombok(email=ili@gmail.com, password=IliB$123456)
17:53:40.670  INFO  manager.ListenerWD - Before find element-->By.xpath: //a[text()=' Log in ']
17:53:40.698  INFO  manager.ListenerWD - After find element-->By.xpath: //a[text()=' Log in ']
17:53:40.786  INFO  manager.ListenerWD - Before find element-->By.xpath: //input[@type='email']
17:53:40.808  INFO  manager.ListenerWD - After find element-->By.xpath: //input[@type='email']
17:53:40.982  INFO  manager.ListenerWD - Before find element-->By.id: password
17:53:41.004  INFO  manager.ListenerWD - After find element-->By.id: password
17:53:41.162  INFO  manager.ListenerWD - Before find element-->By.xpath: //button[contains(@type,'submit')]
17:53:41.188  INFO  manager.ListenerWD - After find element-->By.xpath: //button[contains(@type,'submit')]
17:53:41.270  INFO  manager.ListenerWD - Before find element-->By.cssSelector: div.dialog-container>h2
17:53:41.613  INFO  manager.ListenerWD - After find element-->By.cssSelector: div.dialog-container>h2
17:53:41.635  INFO  tests.TestBase - Message is: 'Logged in success'
17:53:41.637  INFO  manager.ListenerWD - Before find elements-->By.xpath: //button[text()='Ok']
17:53:41.658  INFO  manager.ListenerWD - After find elements-->By.xpath: //button[text()='Ok']
17:53:41.659  INFO  manager.ListenerWD - List size-->1
17:53:41.659  INFO  manager.ListenerWD - Before find element-->By.xpath: //button[text()='Ok']
17:53:41.679  INFO  manager.ListenerWD - After find element-->By.xpath: //button[text()='Ok']
17:53:41.726  INFO  tests.TestBase - The name of starts method is -->  loginSuccessModelFromFile
17:53:41.727  INFO  manager.ListenerWD - Before find elements-->By.xpath: //a[text()=' Logout ']
17:53:41.749  INFO  manager.ListenerWD - After find elements-->By.xpath: //a[text()=' Logout ']
17:53:41.749  INFO  manager.ListenerWD - List size-->1
17:53:41.749  INFO  manager.ListenerWD - Before find element-->By.cssSelector: div.header a:nth-child(5)
17:53:41.771  INFO  manager.ListenerWD - After find element-->By.cssSelector: div.header a:nth-child(5)
17:53:41.883  INFO  tests.TestBase - I need logout
17:53:41.885  INFO  tests.TestBase - Test 3: Login Success Model with User: UserLombok(email=benb@gmail.com, password=Beny$123456)
17:53:41.885  INFO  manager.ListenerWD - Before find element-->By.xpath: //a[text()=' Log in ']
17:53:41.904  INFO  manager.ListenerWD - After find element-->By.xpath: //a[text()=' Log in ']
17:53:41.980  INFO  manager.ListenerWD - Before find element-->By.xpath: //input[@type='email']
17:53:42.000  INFO  manager.ListenerWD - After find element-->By.xpath: //input[@type='email']
17:53:42.152  INFO  manager.ListenerWD - Before find element-->By.id: password
17:53:42.169  INFO  manager.ListenerWD - After find element-->By.id: password
17:53:42.323  INFO  manager.ListenerWD - Before find element-->By.xpath: //button[contains(@type,'submit')]
17:53:42.347  INFO  manager.ListenerWD - After find element-->By.xpath: //button[contains(@type,'submit')]
17:53:42.400  INFO  manager.ListenerWD - Before find element-->By.cssSelector: div.dialog-container>h2
17:53:42.814  INFO  manager.ListenerWD - After find element-->By.cssSelector: div.dialog-container>h2
17:53:42.834  INFO  tests.TestBase - Message is: 'Logged in success'
17:53:42.835  INFO  manager.ListenerWD - Before find elements-->By.xpath: //button[text()='Ok']
17:53:42.853  INFO  manager.ListenerWD - After find elements-->By.xpath: //button[text()='Ok']
17:53:42.853  INFO  manager.ListenerWD - List size-->1
17:53:42.853  INFO  manager.ListenerWD - Before find element-->By.xpath: //button[text()='Ok']
17:53:42.870  INFO  manager.ListenerWD - After find element-->By.xpath: //button[text()='Ok']
