16:15:05.940  INFO  manager.ApplicationManager - All test start in Chrome Browser
16:15:08.302  INFO  manager.ApplicationManager - Current URL -->https://ilcarro.web.app/search
16:15:08.346  INFO  tests.TestBase - The name of starts method is -->  loginSuccess
16:15:08.350  INFO  manager.ListenerWD - Before find elements-->By.xpath: //a[text()=' Logout ']
16:15:13.403  INFO  manager.ListenerWD - After find elements-->By.xpath: //a[text()=' Logout ']
16:15:13.406  INFO  manager.ListenerWD - List size-->0
16:15:13.408  INFO  tests.TestBase - Test 2: Login with valid data: email:benb@gmail.com  password:Beny$123456 
16:15:13.410  INFO  manager.ListenerWD - Before find element-->By.xpath: //a[text()=' Log in ']
16:15:13.446  INFO  manager.ListenerWD - After find element-->By.xpath: //a[text()=' Log in ']
16:15:13.575  INFO  manager.ListenerWD - Before find element-->By.id: email
16:15:13.610  INFO  manager.ListenerWD - After find element-->By.id: email
16:15:13.894  INFO  manager.ListenerWD - Before find element-->By.id: password
16:15:13.934  INFO  manager.ListenerWD - After find element-->By.id: password
16:15:14.097  INFO  manager.ListenerWD - Before find element-->By.xpath: //button[contains(@type,'submit')]
16:15:14.136  INFO  manager.ListenerWD - After find element-->By.xpath: //button[contains(@type,'submit')]
16:15:15.222  INFO  manager.ListenerWD - Before find element-->By.cssSelector: div.dialog-container>h2
16:15:15.261  INFO  manager.ListenerWD - After find element-->By.cssSelector: div.dialog-container>h2
16:15:15.288  INFO  tests.TestBase - Test success
16:15:15.291  INFO  manager.ListenerWD - Before find elements-->By.xpath: //button[text()='Ok']
16:15:15.326  INFO  manager.ListenerWD - After find elements-->By.xpath: //button[text()='Ok']
16:15:15.326  INFO  manager.ListenerWD - List size-->1
16:15:15.326  INFO  manager.ListenerWD - Before find element-->By.xpath: //button[text()='Ok']
16:15:15.385  INFO  manager.ListenerWD - After find element-->By.xpath: //button[text()='Ok']
