22:58:47.940  INFO  manager.ApplicationManager - All test start in Chrome Browser
22:58:50.820  INFO  manager.ApplicationManager - Current URL -->https://ilcarro.web.app/search
22:58:50.874  INFO  tests.TestBase - The name of starts method is -->  addNewCarSuccsses
22:58:50.877  INFO  manager.ListenerWD - Before find elements-->By.xpath: //a[text()=' Logout ']
22:58:55.892  INFO  manager.ListenerWD - After find elements-->By.xpath: //a[text()=' Logout ']
22:58:55.897  INFO  manager.ListenerWD - List size-->0
22:58:55.899  INFO  manager.ListenerWD - Before find element-->By.xpath: //a[text()=' Log in ']
22:58:55.941  INFO  manager.ListenerWD - After find element-->By.xpath: //a[text()=' Log in ']
22:58:56.074  INFO  manager.ListenerWD - Before find element-->By.xpath: //input[@type='email']
22:58:56.116  INFO  manager.ListenerWD - After find element-->By.xpath: //input[@type='email']
22:58:56.389  INFO  manager.ListenerWD - Before find element-->By.id: password
22:58:56.429  INFO  manager.ListenerWD - After find element-->By.id: password
22:58:56.608  INFO  manager.ListenerWD - Before find element-->By.xpath: //button[contains(@type,'submit')]
22:58:56.657  INFO  manager.ListenerWD - After find element-->By.xpath: //button[contains(@type,'submit')]
22:58:56.730  INFO  manager.ListenerWD - Before find elements-->By.xpath: //button[text()='Ok']
22:58:57.797  INFO  manager.ListenerWD - After find elements-->By.xpath: //button[text()='Ok']
22:58:57.797  INFO  manager.ListenerWD - List size-->1
22:58:57.797  INFO  manager.ListenerWD - Before find element-->By.xpath: //button[text()='Ok']
22:58:57.841  INFO  manager.ListenerWD - After find element-->By.xpath: //button[text()='Ok']
22:58:57.936  INFO  tests.TestBase - I need logout
22:58:57.941  INFO  tests.TestBase - Test 1: Add New Car Success
22:58:58.456  INFO  manager.ListenerWD - Before find element-->By.xpath: //a[text()=' Let the car work ']
22:58:58.484  INFO  manager.ListenerWD - After find element-->By.xpath: //a[text()=' Let the car work ']
22:58:58.595  INFO  manager.ListenerWD - Before find element-->By.id: pickUpPlace
22:58:58.622  INFO  manager.ListenerWD - After find element-->By.id: pickUpPlace
22:58:58.829  INFO  manager.ListenerWD - Before find element-->By.cssSelector: .pac-item
22:58:59.214  INFO  manager.ListenerWD - After find element-->By.cssSelector: .pac-item
22:58:59.795  INFO  manager.ListenerWD - Before find element-->By.id: make
22:58:59.820  INFO  manager.ListenerWD - After find element-->By.id: make
22:58:59.975  INFO  manager.ListenerWD - Before find element-->By.id: model
22:59:00.006  INFO  manager.ListenerWD - After find element-->By.id: model
22:59:00.172  INFO  manager.ListenerWD - Before find element-->By.id: year
22:59:00.201  INFO  manager.ListenerWD - After find element-->By.id: year
22:59:00.368  INFO  manager.ListenerWD - Before find element-->By.id: fuel
22:59:00.400  INFO  manager.ListenerWD - After find element-->By.id: fuel
22:59:00.516  INFO  manager.ListenerWD - Before find element-->By.id: seats
22:59:00.548  INFO  manager.ListenerWD - After find element-->By.id: seats
22:59:00.684  INFO  manager.ListenerWD - Before find element-->By.id: class
22:59:00.730  INFO  manager.ListenerWD - After find element-->By.id: class
22:59:00.874  INFO  manager.ListenerWD - Before find element-->By.id: serialNumber
22:59:00.904  INFO  manager.ListenerWD - After find element-->By.id: serialNumber
22:59:01.081  INFO  manager.ListenerWD - Before find element-->By.id: price
22:59:01.120  INFO  manager.ListenerWD - After find element-->By.id: price
22:59:01.283  INFO  manager.ListenerWD - Before find element-->By.id: about
22:59:01.306  INFO  manager.ListenerWD - After find element-->By.id: about
22:59:01.466  INFO  manager.ListenerWD - Before find element-->By.id: photos
22:59:01.506  INFO  manager.ListenerWD - After find element-->By.id: photos
22:59:01.575  INFO  manager.ListenerWD - Before find element-->By.xpath: //button[contains(@type,'submit')]
22:59:01.599  INFO  manager.ListenerWD - After find element-->By.xpath: //button[contains(@type,'submit')]
22:59:01.664  INFO  manager.ListenerWD - Before find element-->By.cssSelector: div.dialog-container h1
22:59:02.120  INFO  manager.ListenerWD - After find element-->By.cssSelector: div.dialog-container h1
22:59:02.145  INFO  manager.ListenerWD - Before find element-->By.cssSelector: div[class='header'] a[class='logo']
22:59:02.170  INFO  manager.ListenerWD - After find element-->By.cssSelector: div[class='header'] a[class='logo']
22:59:07.229  INFO  manager.ListenerWD - 'Test ends with error'
22:59:07.230  INFO  manager.ListenerWD - *****************************************
22:59:07.231  INFO  manager.ListenerWD - Method method click
22:59:07.232  INFO  manager.ListenerWD - *****************************************
22:59:07.236  INFO  manager.ListenerWD - Invocation Target Exceptionorg.openqa.selenium.ElementNotInteractableException: element not interactable
  (Session info: chrome=109.0.5414.120)
Build info: version: '4.7.1', revision: 'c6795baf1a3'
System info: os.name: 'Windows 10', os.arch: 'amd64', os.version: '10.0', java.version: '11.0.17'
Driver info: org.openqa.selenium.chrome.ChromeDriver
Command: [635fab61d85820027fcfbdb8347d604c, clickElement {id=0844dc4f-a879-40ef-b81d-9b8d664bc121}]
Capabilities {acceptInsecureCerts: false, browserName: chrome, browserVersion: 109.0.5414.120, chrome: {chromedriverVersion: 109.0.5414.74 (e7c5703604da..., userDataDir: C:\Users\ALEKSA~1\AppData\L...}, goog:chromeOptions: {debuggerAddress: localhost:63714}, networkConnectionEnabled: false, pageLoadStrategy: normal, platformName: WINDOWS, proxy: Proxy(), se:cdp: ws://localhost:63714/devtoo..., se:cdpVersion: 109.0.5414.120, setWindowRect: true, strictFileInteractability: false, timeouts: {implicit: 0, pageLoad: 300000, script: 30000}, unhandledPromptBehavior: dismiss and notify, webauthn:extension:credBlob: true, webauthn:extension:largeBlob: true, webauthn:virtualAuthenticators: true}
Element: [[ChromeDriver: chrome on WINDOWS (635fab61d85820027fcfbdb8347d604c)] -> css selector: div[class='header'] a[class='logo']]
Session ID: 635fab61d85820027fcfbdb8347d604c
22:59:07.237  INFO  manager.ListenerWD - *****************************************
22:59:07.238  INFO  manager.ListenerWD - Object target[[ChromeDriver: chrome on WINDOWS (635fab61d85820027fcfbdb8347d604c)] -> css selector: div[class='header'] a[class='logo']]
22:59:07.239  INFO  manager.ListenerWD - *****************************************
