17:56:19.179  INFO  manager.ApplicationManager - All test start in Chrome Browser
17:56:21.699  INFO  manager.ApplicationManager - Current URL -->https://ilcarro.web.app/search
17:56:21.733  INFO  tests.TestBase - The name of starts method is -->  registrationWrongWithoutName
17:56:21.735  INFO  manager.ListenerWD - Before find elements-->By.xpath: //a[text()=' Logout ']
17:56:26.759  INFO  manager.ListenerWD - After find elements-->By.xpath: //a[text()=' Logout ']
17:56:26.763  INFO  manager.ListenerWD - List size-->0
17:56:26.769  INFO  tests.TestBase -  Test 4: Registration wrong Without Name: tap@mail.comadomA12345$
17:56:26.771  INFO  manager.ListenerWD - Before find element-->By.xpath: //a[text()=' Sign up ']
17:56:26.809  INFO  manager.ListenerWD - After find element-->By.xpath: //a[text()=' Sign up ']
17:56:27.030  INFO  manager.ListenerWD - Before find element-->By.cssSelector: #name
17:56:27.069  INFO  manager.ListenerWD - After find element-->By.cssSelector: #name
17:56:27.209  INFO  manager.ListenerWD - Before find element-->By.id: lastName
17:56:27.254  INFO  manager.ListenerWD - After find element-->By.id: lastName
17:56:27.432  INFO  manager.ListenerWD - Before find element-->By.id: email
17:56:27.469  INFO  manager.ListenerWD - After find element-->By.id: email
17:56:27.650  INFO  manager.ListenerWD - Before find element-->By.id: password
17:56:27.684  INFO  manager.ListenerWD - After find element-->By.id: password
17:56:27.951  INFO  manager.ListenerWD - Before find element-->By.xpath: //label[@class='checkbox-label terms-label']
17:56:27.987  INFO  manager.ListenerWD - After find element-->By.xpath: //label[@class='checkbox-label terms-label']
17:56:28.179  INFO  manager.ListenerWD - Before find element-->By.xpath: //div[@class='error']
17:56:28.221  INFO  manager.ListenerWD - After find element-->By.xpath: //div[@class='error']
17:56:28.253  INFO  manager.ListenerWD - Before find element-->By.cssSelector: button[disabled]
17:56:28.280  INFO  manager.ListenerWD - After find element-->By.cssSelector: button[disabled]
17:56:28.294  INFO  tests.TestBase - Message is: 'Name is required'
