14:57:43.939  INFO  manager.ApplicationManager - All test start in Chrome Browser
14:57:46.801  INFO  manager.ApplicationManager - Current URL -->https://ilcarro.web.app/search
14:57:46.852  INFO  tests.TestBase - The name of starts method is -->  loginSuccessModelFromFile
14:57:46.856  INFO  manager.ListenerWD - Before find elements-->By.xpath: //a[text()=' Logout ']
14:57:51.890  INFO  manager.ListenerWD - After find elements-->By.xpath: //a[text()=' Logout ']
14:57:51.895  INFO  manager.ListenerWD - List size-->0
14:57:51.915  INFO  tests.TestBase - Test 3: Login Success Model with User: UserLombok(email=benb@gmail.com, password=Beny$123456, name=null, lastName=null)
14:57:51.916  INFO  manager.ListenerWD - Before find element-->By.xpath: //a[text()=' Log in ']
14:57:51.965  INFO  manager.ListenerWD - After find element-->By.xpath: //a[text()=' Log in ']
14:57:52.093  INFO  manager.ListenerWD - Before find element-->By.xpath: //input[@type='email']
14:57:52.146  INFO  manager.ListenerWD - After find element-->By.xpath: //input[@type='email']
14:57:52.370  INFO  manager.ListenerWD - Before find element-->By.id: password
14:57:52.409  INFO  manager.ListenerWD - After find element-->By.id: password
14:57:52.591  INFO  manager.ListenerWD - Before find element-->By.xpath: //button[contains(@type,'submit')]
14:57:52.633  INFO  manager.ListenerWD - After find element-->By.xpath: //button[contains(@type,'submit')]
14:57:52.718  INFO  manager.ListenerWD - Before find element-->By.cssSelector: div.dialog-container>h2
14:57:53.853  INFO  manager.ListenerWD - After find element-->By.cssSelector: div.dialog-container>h2
14:57:53.904  INFO  tests.TestBase - Message is: 'Logged in success'
14:57:53.908  INFO  manager.ListenerWD - Before find elements-->By.xpath: //button[text()='Ok']
14:57:53.972  INFO  manager.ListenerWD - After find elements-->By.xpath: //button[text()='Ok']
14:57:53.973  INFO  manager.ListenerWD - List size-->1
14:57:53.973  INFO  manager.ListenerWD - Before find element-->By.xpath: //button[text()='Ok']
14:57:54.018  INFO  manager.ListenerWD - After find element-->By.xpath: //button[text()='Ok']
14:57:54.085  INFO  tests.TestBase - The name of starts method is -->  loginSuccessModelFromFile
14:57:54.087  INFO  manager.ListenerWD - Before find elements-->By.xpath: //a[text()=' Logout ']
14:57:54.149  INFO  manager.ListenerWD - After find elements-->By.xpath: //a[text()=' Logout ']
14:57:54.149  INFO  manager.ListenerWD - List size-->1
14:57:54.149  INFO  manager.ListenerWD - Before find element-->By.xpath: //button[text()=' Logout ']
14:57:59.210  INFO  manager.ListenerWD - 'Test ends with error'
14:57:59.210  INFO  manager.ListenerWD - *****************************************
14:57:59.210  INFO  manager.ListenerWD - Method method findElement
14:57:59.210  INFO  manager.ListenerWD - *****************************************
14:57:59.212  INFO  manager.ListenerWD - Invocation Target Exceptionorg.openqa.selenium.NoSuchElementException: no such element: Unable to locate element: {"method":"xpath","selector":"//button[text()=' Logout ']"}
  (Session info: chrome=109.0.5414.120)
For documentation on this error, please visit: https://selenium.dev/exceptions/#no_such_element
Build info: version: '4.7.1', revision: 'c6795baf1a3'
System info: os.name: 'Windows 10', os.arch: 'amd64', os.version: '10.0', java.version: '11.0.17'
Driver info: org.openqa.selenium.chrome.ChromeDriver
Command: [ae26061e3cd4a315d44b48e184ae2a0c, findElement {using=xpath, value=//button[text()=' Logout ']}]
Capabilities {acceptInsecureCerts: false, browserName: chrome, browserVersion: 109.0.5414.120, chrome: {chromedriverVersion: 109.0.5414.74 (e7c5703604da..., userDataDir: C:\Users\ALEKSA~1\AppData\L...}, goog:chromeOptions: {debuggerAddress: localhost:58912}, networkConnectionEnabled: false, pageLoadStrategy: normal, platformName: WINDOWS, proxy: Proxy(), se:cdp: ws://localhost:58912/devtoo..., se:cdpVersion: 109.0.5414.120, setWindowRect: true, strictFileInteractability: false, timeouts: {implicit: 0, pageLoad: 300000, script: 30000}, unhandledPromptBehavior: dismiss and notify, webauthn:extension:credBlob: true, webauthn:extension:largeBlob: true, webauthn:virtualAuthenticators: true}
Session ID: ae26061e3cd4a315d44b48e184ae2a0c
14:57:59.213  INFO  manager.ListenerWD - *****************************************
14:57:59.214  INFO  manager.ListenerWD - Object targetChromeDriver: chrome on WINDOWS (ae26061e3cd4a315d44b48e184ae2a0c)
14:57:59.214  INFO  manager.ListenerWD - *****************************************
14:57:59.217  INFO  manager.ListenerWD - Screen with error-->src/test/screenshots/screen918.png
