15:11:51.776  INFO  manager.ApplicationManager - All test start in Chrome Browser
15:11:54.434  INFO  manager.ApplicationManager - Current URL -->https://ilcarro.web.app/search
15:11:54.502  INFO  tests.TestBase - The name of starts method is -->  registrationWrongEmail
15:11:54.511  INFO  manager.ListenerWD - Before find elements-->By.xpath: //a[text()=' Logout ']
15:11:59.577  INFO  manager.ListenerWD - After find elements-->By.xpath: //a[text()=' Logout ']
15:11:59.580  INFO  manager.ListenerWD - List size-->0
15:11:59.587  INFO  tests.TestBase - Test 2: Registration wrong email with data: tgmail.comadomA12345$
15:11:59.590  INFO  manager.ListenerWD - Before find element-->By.xpath: //a[text()=' Sign up ']
15:11:59.627  INFO  manager.ListenerWD - After find element-->By.xpath: //a[text()=' Sign up ']
15:11:59.757  INFO  manager.ListenerWD - Before find element-->By.cssSelector: #name
15:11:59.796  INFO  manager.ListenerWD - After find element-->By.cssSelector: #name
15:11:59.965  INFO  manager.ListenerWD - Before find element-->By.id: lastName
15:11:59.999  INFO  manager.ListenerWD - After find element-->By.id: lastName
15:12:00.162  INFO  manager.ListenerWD - Before find element-->By.id: email
15:12:00.193  INFO  manager.ListenerWD - After find element-->By.id: email
15:12:00.368  INFO  manager.ListenerWD - Before find element-->By.id: password
15:12:00.398  INFO  manager.ListenerWD - After find element-->By.id: password
15:12:00.578  INFO  manager.ListenerWD - Before find element-->By.xpath: //label[@class='checkbox-label terms-label']
15:12:00.618  INFO  manager.ListenerWD - After find element-->By.xpath: //label[@class='checkbox-label terms-label']
15:12:00.788  INFO  manager.ListenerWD - Before find element-->By.xpath: //button[contains(@type,'submit')]
15:12:00.823  INFO  manager.ListenerWD - After find element-->By.xpath: //button[contains(@type,'submit')]
15:12:00.882  INFO  manager.ListenerWD - Before find elements-->By.xpath: //button[text()='Ok']
15:12:05.919  INFO  manager.ListenerWD - After find elements-->By.xpath: //button[text()='Ok']
15:12:05.920  INFO  manager.ListenerWD - List size-->0
15:12:05.921  INFO  manager.ListenerWD - Before find element-->By.xpath: //div[text()='Wrong email format']
15:12:05.950  INFO  manager.ListenerWD - After find element-->By.xpath: //div[text()='Wrong email format']
15:12:05.967  INFO  manager.ListenerWD - Before find element-->By.cssSelector: button[disabled]
15:12:05.988  INFO  manager.ListenerWD - After find element-->By.cssSelector: button[disabled]
15:12:06.002  INFO  tests.TestBase - Message is: 'Wrong email format'
15:12:06.006  INFO  tests.TestBase - The name of starts method is -->  registrationWrongPasswordMin8Symbols
15:12:06.007  INFO  manager.ListenerWD - Before find elements-->By.xpath: //a[text()=' Logout ']
15:12:11.052  INFO  manager.ListenerWD - After find elements-->By.xpath: //a[text()=' Logout ']
15:12:11.052  INFO  manager.ListenerWD - List size-->0
15:12:11.053  INFO  tests.TestBase - Test 3:Registration Wrong Password Min 8 Symbols: tap879@gmail.comadom
15:12:11.054  INFO  manager.ListenerWD - Before find element-->By.xpath: //a[text()=' Sign up ']
15:12:11.075  INFO  manager.ListenerWD - After find element-->By.xpath: //a[text()=' Sign up ']
15:12:11.137  INFO  manager.ListenerWD - Before find element-->By.cssSelector: #name
15:12:11.166  INFO  manager.ListenerWD - After find element-->By.cssSelector: #name
15:12:11.364  INFO  manager.ListenerWD - Before find element-->By.id: lastName
15:12:11.388  INFO  manager.ListenerWD - After find element-->By.id: lastName
15:12:11.536  INFO  manager.ListenerWD - Before find element-->By.id: email
15:12:11.561  INFO  manager.ListenerWD - After find element-->By.id: email
15:12:11.710  INFO  manager.ListenerWD - Before find element-->By.id: password
15:12:11.730  INFO  manager.ListenerWD - After find element-->By.id: password
15:12:11.873  INFO  manager.ListenerWD - Before find element-->By.xpath: //label[@class='checkbox-label terms-label']
15:12:11.899  INFO  manager.ListenerWD - After find element-->By.xpath: //label[@class='checkbox-label terms-label']
15:12:12.093  INFO  manager.ListenerWD - Before find element-->By.xpath: //button[contains(@type,'submit')]
15:12:12.118  INFO  manager.ListenerWD - After find element-->By.xpath: //button[contains(@type,'submit')]
15:12:12.145  INFO  manager.ListenerWD - Before find elements-->By.xpath: //button[text()='Ok']
15:12:17.173  INFO  manager.ListenerWD - After find elements-->By.xpath: //button[text()='Ok']
15:12:17.173  INFO  manager.ListenerWD - List size-->0
15:12:17.174  INFO  manager.ListenerWD - Before find element-->By.xpath: //div[text()='Password must contain minimum 8 symbols']
15:12:17.199  INFO  manager.ListenerWD - After find element-->By.xpath: //div[text()='Password must contain minimum 8 symbols']
15:12:17.213  INFO  manager.ListenerWD - Before find element-->By.cssSelector: button[disabled]
15:12:17.229  INFO  manager.ListenerWD - After find element-->By.cssSelector: button[disabled]
15:12:17.237  INFO  tests.TestBase - Message is: 'Password must contain minimum 8 symbols'
15:12:17.238  INFO  tests.TestBase - The name of starts method is -->  registrationWrongWithoutName
15:12:17.239  INFO  manager.ListenerWD - Before find elements-->By.xpath: //a[text()=' Logout ']
15:12:22.292  INFO  manager.ListenerWD - After find elements-->By.xpath: //a[text()=' Logout ']
15:12:22.292  INFO  manager.ListenerWD - List size-->0
15:12:22.294  INFO  tests.TestBase -  Test 4: Registration wrong Without Name: tap@mail.comadomA12345$
15:12:22.294  INFO  manager.ListenerWD - Before find element-->By.xpath: //a[text()=' Sign up ']
15:12:22.313  INFO  manager.ListenerWD - After find element-->By.xpath: //a[text()=' Sign up ']
15:12:22.348  INFO  manager.ListenerWD - Before find element-->By.cssSelector: #name
15:12:22.368  INFO  manager.ListenerWD - After find element-->By.cssSelector: #name
15:12:22.401  INFO  manager.ListenerWD - Before find element-->By.id: lastName
15:12:22.427  INFO  manager.ListenerWD - After find element-->By.id: lastName
15:12:22.562  INFO  manager.ListenerWD - Before find element-->By.id: email
15:12:22.585  INFO  manager.ListenerWD - After find element-->By.id: email
15:12:22.730  INFO  manager.ListenerWD - Before find element-->By.id: password
15:12:22.751  INFO  manager.ListenerWD - After find element-->By.id: password
15:12:22.900  INFO  manager.ListenerWD - Before find element-->By.xpath: //label[@class='checkbox-label terms-label']
15:12:22.916  INFO  manager.ListenerWD - After find element-->By.xpath: //label[@class='checkbox-label terms-label']
15:12:23.085  INFO  tests.TestBase - Message is: 'Name is required'
