16:09:16.713  INFO  manager.ApplicationManager - All test start in Chrome Browser
16:09:19.220  INFO  manager.ApplicationManager - Current URL -->https://ilcarro.web.app/search
16:09:19.253  INFO  tests.TestBase - The name of starts method is -->  loginSuccess
16:09:19.256  INFO  manager.ListenerWD - Before find elements-->By.xpath: //a[text()=' Logout ']
16:09:24.307  INFO  manager.ListenerWD - After find elements-->By.xpath: //a[text()=' Logout ']
16:09:24.311  INFO  manager.ListenerWD - List size-->0
16:09:24.313  INFO  tests.TestBase - Test 2: Login with valid data: email:benb@gmail.com  password:Beny$123456 
16:09:24.315  INFO  manager.ListenerWD - Before find element-->By.xpath: //a[text()=' Log in ']
16:09:24.361  INFO  manager.ListenerWD - After find element-->By.xpath: //a[text()=' Log in ']
16:09:24.542  INFO  manager.ListenerWD - Before find element-->By.id: mail
16:09:29.596  INFO  manager.ListenerWD - 'Test ends with error'
16:09:29.596  INFO  manager.ListenerWD - *****************************************
16:09:29.597  INFO  manager.ListenerWD - Method methodfindElement
16:09:29.597  INFO  manager.ListenerWD - *****************************************
16:09:29.600  INFO  manager.ListenerWD - Invocation Target Exceptionorg.openqa.selenium.NoSuchElementException: no such element: Unable to locate element: {"method":"css selector","selector":"#mail"}
  (Session info: chrome=109.0.5414.119)
For documentation on this error, please visit: https://selenium.dev/exceptions/#no_such_element
Build info: version: '4.7.1', revision: 'c6795baf1a3'
System info: os.name: 'Windows 10', os.arch: 'amd64', os.version: '10.0', java.version: '11.0.17'
Driver info: org.openqa.selenium.chrome.ChromeDriver
Command: [ba42c423c72942c23b8146e4c945448d, findElement {using=id, value=mail}]
Capabilities {acceptInsecureCerts: false, browserName: chrome, browserVersion: 109.0.5414.119, chrome: {chromedriverVersion: 108.0.5359.71 (1e0e3868ee06..., userDataDir: C:\Users\ALEKSA~1\AppData\L...}, goog:chromeOptions: {debuggerAddress: localhost:59149}, networkConnectionEnabled: false, pageLoadStrategy: normal, platformName: WINDOWS, proxy: Proxy(), se:cdp: ws://localhost:59149/devtoo..., se:cdpVersion: 109.0.5414.119, setWindowRect: true, strictFileInteractability: false, timeouts: {implicit: 0, pageLoad: 300000, script: 30000}, unhandledPromptBehavior: dismiss and notify, webauthn:extension:credBlob: true, webauthn:extension:largeBlob: true, webauthn:virtualAuthenticators: true}
Session ID: ba42c423c72942c23b8146e4c945448d
16:09:29.601  INFO  manager.ListenerWD - *****************************************
16:09:29.602  INFO  manager.ListenerWD - Object targetChromeDriver: chrome on WINDOWS (ba42c423c72942c23b8146e4c945448d)
16:09:29.602  INFO  manager.ListenerWD - *****************************************
16:09:29.608  INFO  manager.ListenerWD - Screen with error-->src/test/screenshots/screen674.png
16:09:30.139  INFO  manager.ListenerWD - Before find elements-->By.xpath: //button[text()='Ok']
16:09:35.169  INFO  manager.ListenerWD - After find elements-->By.xpath: //button[text()='Ok']
16:09:35.169  INFO  manager.ListenerWD - List size-->0
